request:
curl 'https://house.ke.com/proxyApi/i.ershouc-hta-webapi.ke.com/webapi/marketreport/v1/board?cityId=320100&from=apphomepage&cycle=day' \
-H 'Host: house.ke.com' \
-H 'Accept: application/json' \
-H 'Authorization: LJ-HMAC-SHA256 accessKeyId=house_wasm; nonce=BfFiBRcAWaQJFSFRBFBMFCFFBBFABCBA; timestamp=1731682625; signature=TjPwdbcpKTIeGN3yWL9RYVQcOEk3HDrw5K+Aq6ZPEE4=' \
-H 'Lianjia-Version: 3.02.40' \
-H 'Sec-Fetch-Site: same-origin' \
-H 'Accept-Language: zh-CN,zh-Hans;q=0.9' \
-H 'Accept-Encoding: gzip, deflate, br' \
-H 'Sec-Fetch-Mode: cors' \
-H 'User-Agent: Mozilla/5.0 (iPhone; CPU iPhone OS 18_0_1 like Mac OS X) AppleWebKit/605.1.15 (KHTML, like Gecko) Mobile/15E148 Lianjia/lianjiabeike/3.02.40.0 ' \
-H 'Referer: https://house.ke.com/ershou/citywideHome?pageReferrer=homepage1%3F&cityId=320100&_navSty=2&from=apphomepage&cycleTime=year1' \
-H 'client-channel: beike' \
-H 'Connection: keep-alive' \
-H 'Sec-Fetch-Dest: empty' \
-H 'Pragma: no-cache' \
-H 'Cache-Control: no-cache' \
-H 'Content-Type: application/json' \
--cookie 'beikeBaseData=%7B%22duid%22%3A%22D2GLyz2gdniJDWQX9Cu%2FyUzE1PhVrOtNaSXn79RBiTsHYXe3%22%2C%22appVersion%22%3A%223.02.40%22%2C%22parentSceneId%22%3A%221855165875566248961%22%7D; lianjia_ssid=4A476E27-7FDE-45B3-A320-6E0D0C261A50; lianjia_token=2.0015f31ab9424266a7045e338846fe8ff0; lianjia_udid=42FE25F1-FABB-49B1-9CF0-99E63433F6F6; lianjia_uuid=AC920B83-F1BD-4F31-897F-C9EA857E152C; select_city=320100; beikeBaseData={"duid":"D2GLyz2gdniJDWQX9Cu/yUzE1PhVrOtNaSXn79RBiTsHYXe3","appVersion":"3.02.40","parentSceneId":""}; digData=%7B%22key%22%3A%22ershou%2Fhangqing%2Fhomepage%22%7D; CPUINFO=iPhone13,2; H5SceneFromNativeIos=%7B%22sceneId%22%3A%221855165875566248961%22%7D; Lianjia_StatusBar_Height=88; _staticData=%7B%22uuid%22%3A%22AC920B83-F1BD-4F31-897F-C9EA857E152C%22%2C%22deviceInfo%22%3A%7B%22duid%22%3A%22D2GLyz2gdniJDWQX9Cu%5C%2FyUzE1PhVrOtNaSXn79RBiTsHYXe3%22%2C%22ssid%22%3A%224A476E27-7FDE-45B3-A320-6E0D0C261A50%22%2C%22ketoken%22%3A%22%22%2C%22udid%22%3A%2242FE25F1-FABB-49B1-9CF0-99E63433F6F6%22%2C%22uuid%22%3A%22AC920B83-F1BD-4F31-897F-C9EA857E152C%22%7D%2C%22sysVersion%22%3A%2218.0.1%22%2C%22sysModel%22%3A%22iPhone%22%2C%22accessToken%22%3A%222.0015f31ab9424266a7045e338846fe8ff0%22%2C%22extraData%22%3A%7B%22cityId%22%3A%22320100%22%2C%22locationCityId%22%3A%22320100%22%2C%22longitude%22%3A118.9189372620896%2C%22wifiName%22%3A%227878_5G_Game%22%2C%22latitude%22%3A32.047209450744944%2C%22locationCityName%22%3A%22%E5%8D%97%E4%BA%AC%22%2C%22ip%22%3A%22109.110.162.201%22%2C%22cityName%22%3A%22%E5%8D%97%E4%BA%AC%22%7D%2C%22beikeBaseData%22%3A%7B%22duid%22%3A%22D2GLyz2gdniJDWQX9Cu%5C%2FyUzE1PhVrOtNaSXn79RBiTsHYXe3%22%2C%22appVersion%22%3A%223.02.40%22%7D%2C%22deviceId%22%3A%2242FE25F1-FABB-49B1-9CF0-99E63433F6F6%22%2C%22scheme%22%3A%22lianjiabeike%22%2C%22appName%22%3A%22%E8%B4%9D%E5%A3%B3%E6%89%BE%E6%88%BF%22%2C%22ssid%22%3A%224A476E27-7FDE-45B3-A320-6E0D0C261A50%22%2C%22network%22%3A%22WIFI%22%2C%22appVersion%22%3A%223.02.40%22%2C%22cityId%22%3A%22320100%22%2C%22userInfo%22%3A%7B%22phoneNumber%22%3A%22181%2A%2A%2A%2A6272%22%2C%22nickName%22%3A%2218%2A%2A%2A%2A72%22%2C%22userId%22%3A%222000000454693362%22%2C%22userName%22%3A%2218%2A%2A%2A%2A72%22%7D%2C%22udid%22%3A%2242FE25F1-FABB-49B1-9CF0-99E63433F6F6%22%7D; beikeBaseDataIos=%7B%22duid%22%3A%22D2GLyz2gdniJDWQX9Cu%5C%2FyUzE1PhVrOtNaSXn79RBiTsHYXe3%22%2C%22appVersion%22%3A%223.02.40%22%7D; lianjia_ssid=4A476E27-7FDE-45B3-A320-6E0D0C261A50; lianjia_token=2.0015f31ab9424266a7045e338846fe8ff0; lianjia_udid=42FE25F1-FABB-49B1-9CF0-99E63433F6F6; lianjia_uuid=AC920B83-F1BD-4F31-897F-C9EA857E152C; select_city=320100; session_id=4A476E27-7FDE-45B3-A320-6E0D0C261A50; statusBarHeight=47; titleBarHeight=44'

response:
HTTP/1.1 200 OK
Server: Lianjia
Date: Fri, 15 Nov 2024 14:57:04 GMT
Content-Type: application/json
Transfer-Encoding: chunked
Connection: close
Vary: Origin
Vary: Access-Control-Request-Method
Vary: Access-Control-Request-Headers
Pragma: no-cache
Vary: Accept-Encoding
Set-Cookie: lianjia_ssid=4A476E27-7FDE-45B3-A320-6E0D0C261A50; expires=Fri, 15-Nov-24 15:27:04 GMT; Max-Age=1800; domain=.ke.com; path=/
Content-Encoding: gzip
Set-Cookie: lianjia_ssid=4A476E27-7FDE-45B3-A320-6E0D0C261A50; expires=Fri, 15-Nov-24 15:27:04 GMT; Max-Age=1800; domain=.ke.com; path=/
Expires: 0
Cache-Control: no-cache

{"errno":0,"error":"","trace_id":"ershouc-hta-webapi-10.226.130.194-0-1731682624928-0041211318","data":{"title":"行情播报","subTitle":"城市行情趋势解读卖房指导","cityName":"南京","pageName":"apphangqinghomepage","pageUrl":"https://house.ke.com/ershou/citywideHome?cityId=320100\u0026_navSty=2\u0026from=xcxhangqinghomepage\u0026cycleTime=year1","description":{"title":"二手楼市看板","date":"11月14日数据","tabs":[{"name":"日","value":"day"},{"name":"周","value":"week"},{"name":"月","value":"month"}],"subscribe":{"icon":"https://file.ljcdn.com/nebula/platc/ershou/weixin_icon_white_1706511069374.png","text":"去订阅","status":2}},"data":[{"title":"成交均价","value":"2.39","unit":"万/㎡","desc":"比上日","trend":{"value":"+21％","color":"#E62222","icon":"https://file.ljcdn.com/nebula/guide/up_1711366069949.png"},"tipInfos":{"title":"成交均价","tips":["成交均价：统计日内，全城贝壳平台的二手普通住宅的成交总价/成交总面积"],"list":null},"category":"averageSoldPrice","hideTrend":false},{"title":"成交量","value":"153","unit":"套","desc":"比上日","trend":{"value":"+7.7％","color":"#E62222","icon":"https://file.ljcdn.com/nebula/guide/up_1711366069949.png"},"tipInfos":{"title":"成交量","tips":["成交量：统计日内，全城贝壳平台的二手普通住宅的新增成交数"],"list":null},"category":"newAdditionsSoldNum","hideTrend":false},{"title":"新增挂牌","value":"650","unit":"套","desc":"比上日","trend":{"value":"+2％","color":"#E62222","icon":"https://file.ljcdn.com/nebula/guide/up_1711366069949.png"},"tipInfos":{"title":"新增挂牌","tips":["新增挂牌：统计日内，全城贝壳平台的二手普通住宅的新增挂牌数"],"list":null},"category":"newAdditionsListingNum","hideTrend":false},{"title":"涨价房源","value":"134","unit":"套","desc":"比上日","trend":{"value":"-5.6％","color":"#00AE66","icon":"https://file.ljcdn.com/nebula/guide/down_1711366069946.png"},"tipInfos":{"title":"涨价房源","tips":["涨价房源数：统计日内，全城在贝壳平台上挂牌的二手普通住宅中，业主调高了挂牌价的房源数量"],"list":null},"category":"priceUpNum","hideTrend":false},{"title":"降价房源","value":"1304","unit":"套","desc":"比上日","trend":{"value":"-19％","color":"#00AE66","icon":"https://file.ljcdn.com/nebula/guide/down_1711366069946.png"},"tipInfos":{"title":"降价房源","tips":["降价房源数：统计日内，全城在贝壳平台上挂牌的二手普通住宅中，业主调低了挂牌价的房源数量"],"list":null},"category":"priceDownNum","hideTrend":false},{"title":"看房人数","value":"2600","unit":"人","desc":"比上日","trend":{"value":"+3.3％","color":"#E62222","icon":"https://file.ljcdn.com/nebula/guide/up_1711366069949.png"},"tipInfos":{"title":"看房人数","tips":["看房人数：统计日内，全城通过贝壳平台去实地看过二手普通住宅的人数"],"list":null},"category":"countOfShowingPeople","hideTrend":false},{"title":"看房量","value":"9800","unit":"次","desc":"比上日","trend":{"value":"-0.7％","color":"#00AE66","icon":"https://file.ljcdn.com/nebula/guide/down_1711366069946.png"},"tipInfos":{"title":"看房量","tips":["看房量：统计日内，全城通过贝壳平台去实地看过二手普通住宅的总次数"],"list":null},"category":"countOfShowingTimes","hideTrend":false},{"title":"成交周期","value":"184","unit":"天","desc":"比上日","trend":{"value":"-22％","color":"#00AE66","icon":"https://file.ljcdn.com/nebula/guide/down_1711366069946.png"},"tipInfos":{"title":"成交周期","tips":["平均成交周期：统计日内，全城在贝壳平台上成交的二手普通住宅的成交周期之和/成交房源数"],"list":null},"category":"soldCycle","hideTrend":false}],"newsAgent":{"boothKey":"cityNewsBoothKey","isQwCity":true,"questions":[{"text":"城市近半年成交均价涨了还是跌了？","message":"您好，请问南京近半年行情怎么样？成交均价涨了还是跌了？","tca":{"boothKey":"cityNewsBoothKey1","name":"南京","text":"提示：近半年南京成交价格涨幅为+2.5％"}},{"text":"哪个区域最近成交量最多？","message":"您好，我看到南京贝壳行情首页显示，南京全城成交153套，请问南京里哪个区域成交量最多？","tca":{"boothKey":"cityNewsBoothKey2","name":"南京","text":"提示：近半年成交房源最多区域为东山镇，总成交量为960套"}},{"text":"哪个区域流通性好？供需比多少？","message":"您好，我看到南京贝壳行情首页显示，南京全城成交153套，请问南京里哪个区域流通性最好？供需比是多少？","tca":{"boothKey":"cityNewsBoothKey3","name":"南京","text":"提示：近半年流通性最好（即供需比最小）的区域为南京交院，供需比为2.6"}}]}},"cost_real":13}